trace: warning: The cfg.enableGnomeExtensions argument for `firefox.override` is deprecated, please add `pkgs.gnome-browser-connector` to `nativeMessagingHosts.packages` instead
trace: warning: tomas profile: The option `programs.zsh.enableSyntaxHighlighting' defined in `/nix/store/w56y9pgbhaqc15zg7lnkkal9wj4ak4sr-by2g1hf1fyvc792yryz4w9qksv2wcd0q-source/modules/home/home/default.nix' has been renamed to `programs.zsh.syntaxHighlighting.enable'.
trace: warning: tomas profile: The option `plugins.indent-blankline.filetypeExclude' defined in `/nix/store/w56y9pgbhaqc15zg7lnkkal9wj4ak4sr-by2g1hf1fyvc792yryz4w9qksv2wcd0q-source/modules/home/packages/nvim/default.nix' has been renamed to `plugins.indent-blankline.exclude.filetypes'.
trace: warning: tomas profile: Using 'programs.firefox.enableGnomeExtensions' has been deprecated and
will be removed in the future. Please change to overriding the package
configuration using 'programs.firefox.package' instead. You can refer to
its example for how to do this.

trace: warning: The option `services.gnome.chrome-gnome-shell.enable' defined in `/nix/store/w56y9pgbhaqc15zg7lnkkal9wj4ak4sr-by2g1hf1fyvc792yryz4w9qksv2wcd0q-source/modules/nixos/gui/gnome/default.nix' has been renamed to `services.gnome.gnome-browser-connector.enable'.




trace: warning: `overrideScope'` (from `lib.makeScope`) has been renamed to `overrideScope`.
trace: warning: `overrideScope'` (from `lib.makeScope`) has been renamed to `overrideScope`.
trace: warning: The cfg.enableGnomeExtensions argument for `firefox.override` is deprecated, please add `pkgs.gnome-browser-connector` to `nativeMessagingHosts` instead
trace: warning: The option `snowfallorg.user' defined in `/nix/store/ybxs47bf4wwgjw5hjz9i3rs832kbpkrh-modules/nixos/home/default.nix' has been renamed to `snowfallorg.users'.
trace: warning: tomas profile: The option `programs.zsh.enableSyntaxHighlighting' defined in `/nix/store/ybxs47bf4wwgjw5hjz9i3rs832kbpkrh-modules/home/home/default.nix' has been renamed to `programs.zsh.syntaxHighlighting.enable'.
trace: warning: tomas profile: The option `programs.zsh.enableAutosuggestions' defined in `/nix/store/ybxs47bf4wwgjw5hjz9i3rs832kbpkrh-modules/home/home/default.nix' has been renamed to `programs.zsh.autosuggestion.enable'.
trace: warning: tomas profile: The option `xsession.pointerCursor` has been merged into `home.pointerCursor` and will be removed
in the future. Please change to set `home.pointerCursor` directly and enable `home.pointerCursor.x11.enable`
to generate x11 specific cursor configurations. You can refer to the documentation for more details.

trace: warning: tomas profile: The option `options' defined in `/nix/store/ybxs47bf4wwgjw5hjz9i3rs832kbpkrh-modules/home/packages/nvim/default.nix' has been renamed to `opts'.
trace: warning: tomas profile: Using 'programs.firefox.enableGnomeExtensions' has been deprecated and
will be removed in the future. Please change to overriding the package
configuration using 'programs.firefox.package' instead. You can refer to
its example for how to do this.

trace: warning: The option `services.xserver.xkbVariant' defined in `/nix/store/ybxs47bf4wwgjw5hjz9i3rs832kbpkrh-modules/nixos/gui/desktop/default.nix' has been renamed to `services.xserver.xkb.variant'.
trace: warning: The option `services.xserver.layout' defined in `/nix/store/ybxs47bf4wwgjw5hjz9i3rs832kbpkrh-modules/nixos/gui/desktop/default.nix' has been renamed to `services.xserver.xkb.layout'.
trace: warning: The option `services.avahi.nssmdns' defined in `/nix/store/ybxs47bf4wwgjw5hjz9i3rs832kbpkrh-modules/nixos/services/tailscale/default.nix' has been renamed to `services.avahi.nssmdns4'.
trace: warning: The option `services.xserver.libinput.enable' defined in `/nix/store/ybxs47bf4wwgjw5hjz9i3rs832kbpkrh-modules/nixos/gui/gnome/default.nix' and `/nix/store/ybxs47bf4wwgjw5hjz9i3rs832kbpkrh-modules/nixos/gui/desktop/default.nix' has been renamed to `services.libinput.enable'.
trace: warning: nvtop-nvidia has been renamed to nvtopPackages.nvidia
trace: warning: cudaPackages.autoAddDriverRunpath is deprecated, use pkgs.autoAddDriverRunpath instead